<?xml version="1.0" encoding="UTF-8"?>
<!-- Generated by org.testng.reporters.JUnitReportReporter -->
<testsuite hostname="Nishant-PC" failures="0" tests="1" name="testcases.APICases" time="4.083" errors="0" timestamp="2022-05-25T00:06:30 IST" skipped="0">
  <testcase classname="testcases.APICases" name="mycase" time="4.083"/>
  <system-out/>
</testsuite> <!-- testcases.APICases -->
