<?xml version="1.0" encoding="UTF-8"?>
<!-- Generated by org.testng.reporters.JUnitReportReporter -->
<testsuite hostname="Nishant-PC" failures="0" tests="4" name="testcases.APICases" time="11.063" errors="0" timestamp="2022-05-25T13:28:07 IST" skipped="0">
  <testcase classname="testcases.APICases" name="validateBadgeRecepientByIDResponse" time="1.755"/>
  <system-out>
    <![CDATA[Response status code validated as 200
Response schema validated.
Extracted data from JSON. Key quota_max. Value:: 300
Response validated using assertStringData.300
Extracted data from JSON. Key quota_remaining. Value:: 279
Response validated using assertBooleanData.true]]>
  </system-out>
  <testcase classname="testcases.APICases" name="validateBadgeByTagResponse" time="2.280"/>
  <system-out>
    <![CDATA[Response status code validated as 200
Response schema validated.]]>
  </system-out>
  <testcase classname="testcases.APICases" name="validateInvalidResponse" time="1.546"/>
  <system-out>
    <![CDATA[Response status code validated as 400]]>
  </system-out>
  <testcase classname="testcases.APICases" name="validateBadgeByIDResponse" time="5.482"/>
  <system-out>
    <![CDATA[Response status code validated as 200
Response schema validated.
Extracted data from JSON. Key quota_max. Value:: 300
Response validated using assertStringData.300
Extracted data from JSON. Key quota_remaining. Value:: 281
Response validated using assertBooleanData.true]]>
  </system-out>
</testsuite> <!-- testcases.APICases -->
