<?xml version="1.0" encoding="UTF-8"?>
<!-- Generated by org.testng.reporters.JUnitReportReporter -->
<testsuite hostname="Nishant-PC" failures="0" tests="1" name="testcases.UICases" time="16.366" errors="0" timestamp="2022-05-25T13:28:07 IST" skipped="0">
  <testcase classname="testcases.UICases" name="getTagWithHighestQue" time="16.366"/>
  <system-out>
    <![CDATA[Title Validated to Stack Overflow - Where Developers Learn, Share, & Build Careers
Clicked on WebElement - Search Content
Clicked on WebElement - Tags
Title Validated to Tags - Stack Overflow
Clicked on WebElement - Name tab
.htaccess]]>
  </system-out>
</testsuite> <!-- testcases.UICases -->
