<?xml version="1.0" encoding="UTF-8"?>
<!-- Generated by org.testng.reporters.JUnitReportReporter -->
<testsuite hostname="Nishant-PC" failures="0" tests="4" name="testcases.APICases" time="11.257" errors="0" timestamp="2022-05-25T13:35:29 IST" skipped="0">
  <testcase classname="testcases.APICases" name="validateBadgeByIDResponse" time="5.789"/>
  <system-out>
    <![CDATA[Response status code validated as 200
Response schema validated.
Extracted data from JSON. Key quota_max. Value:: 300
Response validated using assertStringData.300
Extracted data from JSON. Key quota_remaining. Value:: 273
Response validated using assertBooleanData.true]]>
  </system-out>
  <testcase classname="testcases.APICases" name="validateInvalidResponse" time="1.649"/>
  <system-out>
    <![CDATA[Response status code validated as 400]]>
  </system-out>
  <testcase classname="testcases.APICases" name="validateBadgeByTagResponse" time="1.968"/>
  <system-out>
    <![CDATA[Response status code validated as 200
Response schema validated.]]>
  </system-out>
  <testcase classname="testcases.APICases" name="validateBadgeRecepientByIDResponse" time="1.851"/>
  <system-out>
    <![CDATA[Response status code validated as 200
Response schema validated.
Extracted data from JSON. Key quota_max. Value:: 300
Response validated using assertStringData.300
Extracted data from JSON. Key quota_remaining. Value:: 271
Response validated using assertBooleanData.true]]>
  </system-out>
</testsuite> <!-- testcases.APICases -->
